CRITICAL - 2022-12-05 16:23:30 --> Invalid file: libros/crears.php
in SYSTEMPATH\Exceptions\FrameworkException.php on line 33.
 1 SYSTEMPATH\View\View.php(201): CodeIgniter\Exceptions\FrameworkException::forInvalidFile('libros/crears.php')
 2 SYSTEMPATH\Common.php(1134): CodeIgniter\View\View->render('libros/crears', [], true)
 3 APPPATH\Controllers\Home.php(9): view('libros/crears')
 4 SYSTEMPATH\CodeIgniter.php(927): App\Controllers\Home->index()
 5 SYSTEMPATH\CodeIgniter.php(482): CodeIgniter\CodeIgniter->runController(Object(App\Controllers\Home))
 6 SYSTEMPATH\CodeIgniter.php(351): CodeIgniter\CodeIgniter->handleRequest(null, Object(Config\Cache), false)
 7 FCPATH\index.php(67): CodeIgniter\CodeIgniter->run()
CRITICAL - 2022-12-05 16:43:16 --> Undefined variable $libros
in APPPATH\Views\libros\listar.php on line 12.
 1 APPPATH\Views\libros\listar.php(12): CodeIgniter\Debug\Exceptions->errorHandler(2, 'Undefined variable $libros', 'APPPATH\\Views\\libros\\listar.php', 12)
 2 SYSTEMPATH\View\View.php(213): include('APPPATH\\Views\\libros\\listar.php')
 3 SYSTEMPATH\View\View.php(216): CodeIgniter\View\View->CodeIgniter\View\{closure}()
 4 SYSTEMPATH\Common.php(1134): CodeIgniter\View\View->render('libros/listar', [], true)
 5 APPPATH\Controllers\Libros.php(9): view('libros/listar')
 6 SYSTEMPATH\CodeIgniter.php(927): App\Controllers\Libros->index()
 7 SYSTEMPATH\CodeIgniter.php(482): CodeIgniter\CodeIgniter->runController(Object(App\Controllers\Libros))
 8 SYSTEMPATH\CodeIgniter.php(351): CodeIgniter\CodeIgniter->handleRequest(null, Object(Config\Cache), false)
 9 FCPATH\index.php(67): CodeIgniter\CodeIgniter->run()
CRITICAL - 2022-12-05 21:12:33 --> Call to undefined method CodeIgniter\HTTP\Files\UploadedFile::mover()
in APPPATH\Controllers\Libros.php on line 32.
 1 SYSTEMPATH\CodeIgniter.php(927): App\Controllers\Libros->guardar()
 2 SYSTEMPATH\CodeIgniter.php(482): CodeIgniter\CodeIgniter->runController(Object(App\Controllers\Libros))
 3 SYSTEMPATH\CodeIgniter.php(351): CodeIgniter\CodeIgniter->handleRequest(null, Object(Config\Cache), false)
 4 FCPATH\index.php(67): CodeIgniter\CodeIgniter->run()
CRITICAL - 2022-12-05 21:14:03 --> Call to undefined method CodeIgniter\HTTP\Files\UploadedFile::mover()
in APPPATH\Controllers\Libros.php on line 32.
 1 SYSTEMPATH\CodeIgniter.php(927): App\Controllers\Libros->guardar()
 2 SYSTEMPATH\CodeIgniter.php(482): CodeIgniter\CodeIgniter->runController(Object(App\Controllers\Libros))
 3 SYSTEMPATH\CodeIgniter.php(351): CodeIgniter\CodeIgniter->handleRequest(null, Object(Config\Cache), false)
 4 FCPATH\index.php(67): CodeIgniter\CodeIgniter->run()
CRITICAL - 2022-12-05 21:15:17 --> Call to undefined method CodeIgniter\HTTP\Files\UploadedFile::mover()
in APPPATH\Controllers\Libros.php on line 32.
 1 SYSTEMPATH\CodeIgniter.php(927): App\Controllers\Libros->guardar()
 2 SYSTEMPATH\CodeIgniter.php(482): CodeIgniter\CodeIgniter->runController(Object(App\Controllers\Libros))
 3 SYSTEMPATH\CodeIgniter.php(351): CodeIgniter\CodeIgniter->handleRequest(null, Object(Config\Cache), false)
 4 FCPATH\index.php(67): CodeIgniter\CodeIgniter->run()
CRITICAL - 2022-12-05 21:15:28 --> Call to undefined method CodeIgniter\HTTP\Files\UploadedFile::mover()
in APPPATH\Controllers\Libros.php on line 32.
 1 SYSTEMPATH\CodeIgniter.php(927): App\Controllers\Libros->guardar()
 2 SYSTEMPATH\CodeIgniter.php(482): CodeIgniter\CodeIgniter->runController(Object(App\Controllers\Libros))
 3 SYSTEMPATH\CodeIgniter.php(351): CodeIgniter\CodeIgniter->handleRequest(null, Object(Config\Cache), false)
 4 FCPATH\index.php(67): CodeIgniter\CodeIgniter->run()
CRITICAL - 2022-12-05 21:15:37 --> Call to undefined method CodeIgniter\HTTP\Files\UploadedFile::mover()
in APPPATH\Controllers\Libros.php on line 32.
 1 SYSTEMPATH\CodeIgniter.php(927): App\Controllers\Libros->guardar()
 2 SYSTEMPATH\CodeIgniter.php(482): CodeIgniter\CodeIgniter->runController(Object(App\Controllers\Libros))
 3 SYSTEMPATH\CodeIgniter.php(351): CodeIgniter\CodeIgniter->handleRequest(null, Object(Config\Cache), false)
 4 FCPATH\index.php(67): CodeIgniter\CodeIgniter->run()
CRITICAL - 2022-12-05 21:37:24 --> unlink(../public/uploads1670296582_8fbbaa5060b557e2510f.jpg): No such file or directory
in APPPATH\Controllers\Libros.php on line 47.
 1 [internal function]: CodeIgniter\Debug\Exceptions->errorHandler(2, 'unlink(../public/uploads1670296582_8fbbaa5060b557e2510f.jpg): No such file or directory', 'APPPATH\\Controllers\\Libros.php', 47)
 2 APPPATH\Controllers\Libros.php(47): unlink('../public/uploads1670296582_8fbbaa5060b557e2510f.jpg')
 3 SYSTEMPATH\CodeIgniter.php(927): App\Controllers\Libros->borrar('3')
 4 SYSTEMPATH\CodeIgniter.php(482): CodeIgniter\CodeIgniter->runController(Object(App\Controllers\Libros))
 5 SYSTEMPATH\CodeIgniter.php(351): CodeIgniter\CodeIgniter->handleRequest(null, Object(Config\Cache), false)
 6 FCPATH\index.php(67): CodeIgniter\CodeIgniter->run()
CRITICAL - 2022-12-05 21:37:43 --> unlink(../public/uploadsimagenNode.jpg): No such file or directory
in APPPATH\Controllers\Libros.php on line 47.
 1 [internal function]: CodeIgniter\Debug\Exceptions->errorHandler(2, 'unlink(../public/uploadsimagenNode.jpg): No such file or directory', 'APPPATH\\Controllers\\Libros.php', 47)
 2 APPPATH\Controllers\Libros.php(47): unlink('../public/uploadsimagenNode.jpg')
 3 SYSTEMPATH\CodeIgniter.php(927): App\Controllers\Libros->borrar('2')
 4 SYSTEMPATH\CodeIgniter.php(482): CodeIgniter\CodeIgniter->runController(Object(App\Controllers\Libros))
 5 SYSTEMPATH\CodeIgniter.php(351): CodeIgniter\CodeIgniter->handleRequest(null, Object(Config\Cache), false)
 6 FCPATH\index.php(67): CodeIgniter\CodeIgniter->run()
CRITICAL - 2022-12-05 21:37:48 --> unlink(../public/uploads1670296582_8fbbaa5060b557e2510f.jpg): No such file or directory
in APPPATH\Controllers\Libros.php on line 47.
 1 [internal function]: CodeIgniter\Debug\Exceptions->errorHandler(2, 'unlink(../public/uploads1670296582_8fbbaa5060b557e2510f.jpg): No such file or directory', 'APPPATH\\Controllers\\Libros.php', 47)
 2 APPPATH\Controllers\Libros.php(47): unlink('../public/uploads1670296582_8fbbaa5060b557e2510f.jpg')
 3 SYSTEMPATH\CodeIgniter.php(927): App\Controllers\Libros->borrar('3')
 4 SYSTEMPATH\CodeIgniter.php(482): CodeIgniter\CodeIgniter->runController(Object(App\Controllers\Libros))
 5 SYSTEMPATH\CodeIgniter.php(351): CodeIgniter\CodeIgniter->handleRequest(null, Object(Config\Cache), false)
 6 FCPATH\index.php(67): CodeIgniter\CodeIgniter->run()
CRITICAL - 2022-12-05 21:37:54 --> unlink(../public/uploads1670296582_8fbbaa5060b557e2510f.jpg): No such file or directory
in APPPATH\Controllers\Libros.php on line 47.
 1 [internal function]: CodeIgniter\Debug\Exceptions->errorHandler(2, 'unlink(../public/uploads1670296582_8fbbaa5060b557e2510f.jpg): No such file or directory', 'APPPATH\\Controllers\\Libros.php', 47)
 2 APPPATH\Controllers\Libros.php(47): unlink('../public/uploads1670296582_8fbbaa5060b557e2510f.jpg')
 3 SYSTEMPATH\CodeIgniter.php(927): App\Controllers\Libros->borrar('3')
 4 SYSTEMPATH\CodeIgniter.php(482): CodeIgniter\CodeIgniter->runController(Object(App\Controllers\Libros))
 5 SYSTEMPATH\CodeIgniter.php(351): CodeIgniter\CodeIgniter->handleRequest(null, Object(Config\Cache), false)
 6 FCPATH\index.php(67): CodeIgniter\CodeIgniter->run()
CRITICAL - 2022-12-05 22:54:26 --> Undefined variable $cabecera
in APPPATH\Views\libros\crear.php on line 1.
 1 APPPATH\Views\libros\crear.php(1): CodeIgniter\Debug\Exceptions->errorHandler(2, 'Undefined variable $cabecera', 'APPPATH\\Views\\libros\\crear.php', 1)
 2 SYSTEMPATH\View\View.php(213): include('APPPATH\\Views\\libros\\crear.php')
 3 SYSTEMPATH\View\View.php(216): CodeIgniter\View\View->CodeIgniter\View\{closure}()
 4 SYSTEMPATH\Common.php(1134): CodeIgniter\View\View->render('libros/crear', [], true)
 5 APPPATH\Controllers\Home.php(9): view('libros/crear')
 6 SYSTEMPATH\CodeIgniter.php(927): App\Controllers\Home->index()
 7 SYSTEMPATH\CodeIgniter.php(482): CodeIgniter\CodeIgniter->runController(Object(App\Controllers\Home))
 8 SYSTEMPATH\CodeIgniter.php(351): CodeIgniter\CodeIgniter->handleRequest(null, Object(Config\Cache), false)
 9 FCPATH\index.php(67): CodeIgniter\CodeIgniter->run()
CRITICAL - 2022-12-05 23:09:57 --> max_sixe is not a valid rule.
in SYSTEMPATH\Validation\Validation.php on line 323.
 1 SYSTEMPATH\Validation\Validation.php(323): CodeIgniter\Validation\Exceptions\ValidationException::forRuleNotFound('max_sixe')
 2 SYSTEMPATH\Validation\Validation.php(175): CodeIgniter\Validation\Validation->processRules('imagen', 'imagen', null, [...], [...])
 3 SYSTEMPATH\Controller.php(140): CodeIgniter\Validation\Validation->run()
 4 APPPATH\Controllers\Libros.php(77): CodeIgniter\Controller->validate([...])
 5 SYSTEMPATH\CodeIgniter.php(927): App\Controllers\Libros->actualizar()
 6 SYSTEMPATH\CodeIgniter.php(482): CodeIgniter\CodeIgniter->runController(Object(App\Controllers\Libros))
 7 SYSTEMPATH\CodeIgniter.php(351): CodeIgniter\CodeIgniter->handleRequest(null, Object(Config\Cache), false)
 8 FCPATH\index.php(67): CodeIgniter\CodeIgniter->run()
CRITICAL - 2022-12-05 23:12:32 --> unlink(../public/uploads1670298126_88bf7a702bdaf9fb124c.jpg): No such file or directory
in APPPATH\Controllers\Libros.php on line 88.
 1 [internal function]: CodeIgniter\Debug\Exceptions->errorHandler(2, 'unlink(../public/uploads1670298126_88bf7a702bdaf9fb124c.jpg): No such file or directory', 'APPPATH\\Controllers\\Libros.php', 88)
 2 APPPATH\Controllers\Libros.php(88): unlink('../public/uploads1670298126_88bf7a702bdaf9fb124c.jpg')
 3 SYSTEMPATH\CodeIgniter.php(927): App\Controllers\Libros->actualizar()
 4 SYSTEMPATH\CodeIgniter.php(482): CodeIgniter\CodeIgniter->runController(Object(App\Controllers\Libros))
 5 SYSTEMPATH\CodeIgniter.php(351): CodeIgniter\CodeIgniter->handleRequest(null, Object(Config\Cache), false)
 6 FCPATH\index.php(67): CodeIgniter\CodeIgniter->run()
CRITICAL - 2022-12-05 23:14:30 --> unlink(../public/uploads1670298126_88bf7a702bdaf9fb124c.jpg): No such file or directory
in APPPATH\Controllers\Libros.php on line 89.
 1 [internal function]: CodeIgniter\Debug\Exceptions->errorHandler(2, 'unlink(../public/uploads1670298126_88bf7a702bdaf9fb124c.jpg): No such file or directory', 'APPPATH\\Controllers\\Libros.php', 89)
 2 APPPATH\Controllers\Libros.php(89): unlink('../public/uploads1670298126_88bf7a702bdaf9fb124c.jpg')
 3 SYSTEMPATH\CodeIgniter.php(927): App\Controllers\Libros->actualizar()
 4 SYSTEMPATH\CodeIgniter.php(482): CodeIgniter\CodeIgniter->runController(Object(App\Controllers\Libros))
 5 SYSTEMPATH\CodeIgniter.php(351): CodeIgniter\CodeIgniter->handleRequest(null, Object(Config\Cache), false)
 6 FCPATH\index.php(67): CodeIgniter\CodeIgniter->run()
CRITICAL - 2022-12-05 23:16:19 --> unlink(../public/uploads1670298126_88bf7a702bdaf9fb124c.jpg): No such file or directory
in APPPATH\Controllers\Libros.php on line 89.
 1 [internal function]: CodeIgniter\Debug\Exceptions->errorHandler(2, 'unlink(../public/uploads1670298126_88bf7a702bdaf9fb124c.jpg): No such file or directory', 'APPPATH\\Controllers\\Libros.php', 89)
 2 APPPATH\Controllers\Libros.php(89): unlink('../public/uploads1670298126_88bf7a702bdaf9fb124c.jpg')
 3 SYSTEMPATH\CodeIgniter.php(927): App\Controllers\Libros->actualizar()
 4 SYSTEMPATH\CodeIgniter.php(482): CodeIgniter\CodeIgniter->runController(Object(App\Controllers\Libros))
 5 SYSTEMPATH\CodeIgniter.php(351): CodeIgniter\CodeIgniter->handleRequest(null, Object(Config\Cache), false)
 6 FCPATH\index.php(67): CodeIgniter\CodeIgniter->run()
CRITICAL - 2022-12-05 23:18:19 --> unlink(../public/uploads1670298126_88bf7a702bdaf9fb124c.jpg): No such file or directory
in APPPATH\Controllers\Libros.php on line 89.
 1 [internal function]: CodeIgniter\Debug\Exceptions->errorHandler(2, 'unlink(../public/uploads1670298126_88bf7a702bdaf9fb124c.jpg): No such file or directory', 'APPPATH\\Controllers\\Libros.php', 89)
 2 APPPATH\Controllers\Libros.php(89): unlink('../public/uploads1670298126_88bf7a702bdaf9fb124c.jpg')
 3 SYSTEMPATH\CodeIgniter.php(927): App\Controllers\Libros->actualizar()
 4 SYSTEMPATH\CodeIgniter.php(482): CodeIgniter\CodeIgniter->runController(Object(App\Controllers\Libros))
 5 SYSTEMPATH\CodeIgniter.php(351): CodeIgniter\CodeIgniter->handleRequest(null, Object(Config\Cache), false)
 6 FCPATH\index.php(67): CodeIgniter\CodeIgniter->run()
CRITICAL - 2022-12-05 23:19:32 --> unlink(../public/uploads1670298126_88bf7a702bdaf9fb124c.jpg): No such file or directory
in APPPATH\Controllers\Libros.php on line 89.
 1 [internal function]: CodeIgniter\Debug\Exceptions->errorHandler(2, 'unlink(../public/uploads1670298126_88bf7a702bdaf9fb124c.jpg): No such file or directory', 'APPPATH\\Controllers\\Libros.php', 89)
 2 APPPATH\Controllers\Libros.php(89): unlink('../public/uploads1670298126_88bf7a702bdaf9fb124c.jpg')
 3 SYSTEMPATH\CodeIgniter.php(927): App\Controllers\Libros->actualizar()
 4 SYSTEMPATH\CodeIgniter.php(482): CodeIgniter\CodeIgniter->runController(Object(App\Controllers\Libros))
 5 SYSTEMPATH\CodeIgniter.php(351): CodeIgniter\CodeIgniter->handleRequest(null, Object(Config\Cache), false)
 6 FCPATH\index.php(67): CodeIgniter\CodeIgniter->run()
CRITICAL - 2022-12-05 23:20:18 --> unlink(../public/uploads1670298126_88bf7a702bdaf9fb124c.jpg): No such file or directory
in APPPATH\Controllers\Libros.php on line 89.
 1 [internal function]: CodeIgniter\Debug\Exceptions->errorHandler(2, 'unlink(../public/uploads1670298126_88bf7a702bdaf9fb124c.jpg): No such file or directory', 'APPPATH\\Controllers\\Libros.php', 89)
 2 APPPATH\Controllers\Libros.php(89): unlink('../public/uploads1670298126_88bf7a702bdaf9fb124c.jpg')
 3 SYSTEMPATH\CodeIgniter.php(927): App\Controllers\Libros->actualizar()
 4 SYSTEMPATH\CodeIgniter.php(482): CodeIgniter\CodeIgniter->runController(Object(App\Controllers\Libros))
 5 SYSTEMPATH\CodeIgniter.php(351): CodeIgniter\CodeIgniter->handleRequest(null, Object(Config\Cache), false)
 6 FCPATH\index.php(67): CodeIgniter\CodeIgniter->run()
CRITICAL - 2022-12-05 23:22:11 --> unlink(../public/uploads1670298126_88bf7a702bdaf9fb124c.jpg): No such file or directory
in APPPATH\Controllers\Libros.php on line 89.
 1 [internal function]: CodeIgniter\Debug\Exceptions->errorHandler(2, 'unlink(../public/uploads1670298126_88bf7a702bdaf9fb124c.jpg): No such file or directory', 'APPPATH\\Controllers\\Libros.php', 89)
 2 APPPATH\Controllers\Libros.php(89): unlink('../public/uploads1670298126_88bf7a702bdaf9fb124c.jpg')
 3 SYSTEMPATH\CodeIgniter.php(927): App\Controllers\Libros->actualizar()
 4 SYSTEMPATH\CodeIgniter.php(482): CodeIgniter\CodeIgniter->runController(Object(App\Controllers\Libros))
 5 SYSTEMPATH\CodeIgniter.php(351): CodeIgniter\CodeIgniter->handleRequest(null, Object(Config\Cache), false)
 6 FCPATH\index.php(67): CodeIgniter\CodeIgniter->run()
CRITICAL - 2022-12-05 23:28:04 --> The original file is not a valid file.
in SYSTEMPATH\HTTP\Files\UploadedFile.php on line 137.
 1 SYSTEMPATH\HTTP\Files\UploadedFile.php(137): CodeIgniter\HTTP\Exceptions\HTTPException::forInvalidFile()
 2 APPPATH\Controllers\Libros.php(32): CodeIgniter\HTTP\Files\UploadedFile->move('FCPATH\\uploads', '1670304484_b28996dd41717c4c7f5a')
 3 SYSTEMPATH\CodeIgniter.php(927): App\Controllers\Libros->guardar()
 4 SYSTEMPATH\CodeIgniter.php(482): CodeIgniter\CodeIgniter->runController(Object(App\Controllers\Libros))
 5 SYSTEMPATH\CodeIgniter.php(351): CodeIgniter\CodeIgniter->handleRequest(null, Object(Config\Cache), false)
 6 FCPATH\index.php(67): CodeIgniter\CodeIgniter->run()
